<?xml version="1.0" encoding="UTF-8"?>
<!-- Generated by org.testng.reporters.JUnitReportReporter -->
<testsuite skipped="0" hostname="LAPTOP-Q5TN9TJB" name="test.LoginPageTest" tests="2" failures="0" timestamp="2020-07-06T22:13:10 IST" time="51.486" errors="0">
  <testcase name="loginPageTitleTest" time="10.337" classname="test.LoginPageTest"/>
  <system-out/>
  <testcase name="loginTest" time="41.149" classname="test.LoginPageTest"/>
  <system-out/>
</testsuite> <!-- test.LoginPageTest -->
