<?xml version="1.0" encoding="UTF-8"?>
<!-- Generated by org.testng.reporters.JUnitReportReporter -->
<testsuite hostname="LAPTOP-Q5TN9TJB" name="test.HomePageTest" tests="1" failures="0" timestamp="6 Jul 2020 18:13:55 GMT" time="30.964" errors="0">
  <testcase name="recentOpportunityPageTest" time="30.964" classname="test.HomePageTest"/>
</testsuite> <!-- test.HomePageTest -->
