<?xml version="1.0" encoding="UTF-8"?>
<!-- Generated by org.testng.reporters.JUnitReportReporter -->
<testsuite hostname="LAPTOP-Q5TN9TJB" name="test.LoginPageTest" tests="2" failures="0" timestamp="6 Jul 2020 18:13:55 GMT" time="37.966" errors="0">
  <testcase name="loginPageTitleTest" time="8.509" classname="test.LoginPageTest"/>
  <testcase name="loginTest" time="29.457" classname="test.LoginPageTest"/>
</testsuite> <!-- test.LoginPageTest -->
